C:\USERS\ADMINISTRATOR\DOCUMENTS\GITHUB\TECHPLAYES\TECHPLAYERS-MASTER\WIN32\DEBUG\LANG_PAWN.OBJ
C:\USERS\ADMINISTRATOR\DOCUMENTS\GITHUB\TECHPLAYES\TECHPLAYERS-MASTER\WIN32\DEBUG\LOGGER.OBJ
C:\USERS\ADMINISTRATOR\DOCUMENTS\GITHUB\TECHPLAYES\TECHPLAYERS-MASTER\WIN32\DEBUG\LOGMASK.OBJ
C:\USERS\ADMINISTRATOR\DOCUMENTS\GITHUB\TECHPLAYES\TECHPLAYERS-MASTER\WIN32\DEBUG\MD5.OBJ
C:\USERS\ADMINISTRATOR\DOCUMENTS\GITHUB\TECHPLAYES\TECHPLAYERS-MASTER\WIN32\DEBUG\NEWLINES.OBJ
C:\USERS\ADMINISTRATOR\DOCUMENTS\GITHUB\TECHPLAYES\TECHPLAYERS-MASTER\WIN32\DEBUG\OPTIONS.OBJ
C:\USERS\ADMINISTRATOR\DOCUMENTS\GITHUB\TECHPLAYES\TECHPLAYERS-MASTER\WIN32\DEBUG\OUTPUT.OBJ
C:\USERS\ADMINISTRATOR\DOCUMENTS\GITHUB\TECHPLAYES\TECHPLAYERS-MASTER\WIN32\DEBUG\PARENS.OBJ
C:\USERS\ADMINISTRATOR\DOCUMENTS\GITHUB\TECHPLAYES\TECHPLAYERS-MASTER\WIN32\DEBUG\PARSE_FRAME.OBJ
C:\USERS\ADMINISTRATOR\DOCUMENTS\GITHUB\TECHPLAYES\TECHPLAYERS-MASTER\WIN32\DEBUG\PUNCTUATORS.OBJ
C:\USERS\ADMINISTRATOR\DOCUMENTS\GITHUB\TECHPLAYES\TECHPLAYERS-MASTER\WIN32\DEBUG\SEMICOLONS.OBJ
C:\USERS\ADMINISTRATOR\DOCUMENTS\GITHUB\TECHPLAYES\TECHPLAYERS-MASTER\WIN32\DEBUG\SORTING.OBJ
C:\USERS\ADMINISTRATOR\DOCUMENTS\GITHUB\TECHPLAYES\TECHPLAYERS-MASTER\WIN32\DEBUG\SPACE.OBJ
C:\USERS\ADMINISTRATOR\DOCUMENTS\GITHUB\TECHPLAYES\TECHPLAYERS-MASTER\WIN32\DEBUG\TOKENIZE.OBJ
C:\USERS\ADMINISTRATOR\DOCUMENTS\GITHUB\TECHPLAYES\TECHPLAYERS-MASTER\WIN32\DEBUG\TOKENIZE_CLEANUP.OBJ
C:\USERS\ADMINISTRATOR\DOCUMENTS\GITHUB\TECHPLAYES\TECHPLAYERS-MASTER\WIN32\DEBUG\TECHPLAYERS.OBJ
C:\USERS\ADMINISTRATOR\DOCUMENTS\GITHUB\TECHPLAYES\TECHPLAYERS-MASTER\WIN32\DEBUG\UNC_TEXT.OBJ
C:\USERS\ADMINISTRATOR\DOCUMENTS\GITHUB\TECHPLAYES\TECHPLAYERS-MASTER\WIN32\DEBUG\UNICODE.OBJ
C:\USERS\ADMINISTRATOR\DOCUMENTS\GITHUB\TECHPLAYES\TECHPLAYERS-MASTER\WIN32\DEBUG\UNIVERSALINDENTGUI.OBJ
C:\USERS\ADMINISTRATOR\DOCUMENTS\GITHUB\TECHPLAYES\TECHPLAYERS-MASTER\WIN32\DEBUG\WIDTH.OBJ
C:\USERS\ADMINISTRATOR\DOCUMENTS\GITHUB\TECHPLAYES\TECHPLAYERS-MASTER\WIN32\DEBUG\ALIGN.OBJ
C:\USERS\ADMINISTRATOR\DOCUMENTS\GITHUB\TECHPLAYES\TECHPLAYERS-MASTER\WIN32\DEBUG\ALIGN_STACK.OBJ
C:\USERS\ADMINISTRATOR\DOCUMENTS\GITHUB\TECHPLAYES\TECHPLAYERS-MASTER\WIN32\DEBUG\ARGS.OBJ
C:\USERS\ADMINISTRATOR\DOCUMENTS\GITHUB\TECHPLAYES\TECHPLAYERS-MASTER\WIN32\DEBUG\BACKUP.OBJ
C:\USERS\ADMINISTRATOR\DOCUMENTS\GITHUB\TECHPLAYES\TECHPLAYERS-MASTER\WIN32\DEBUG\BRACE_CLEANUP.OBJ
C:\USERS\ADMINISTRATOR\DOCUMENTS\GITHUB\TECHPLAYES\TECHPLAYERS-MASTER\WIN32\DEBUG\BRACES.OBJ
C:\USERS\ADMINISTRATOR\DOCUMENTS\GITHUB\TECHPLAYES\TECHPLAYERS-MASTER\WIN32\DEBUG\CHUNK_LIST.OBJ
C:\USERS\ADMINISTRATOR\DOCUMENTS\GITHUB\TECHPLAYES\TECHPLAYERS-MASTER\WIN32\DEBUG\CHUNKSTACK.OBJ
C:\USERS\ADMINISTRATOR\DOCUMENTS\GITHUB\TECHPLAYES\TECHPLAYERS-MASTER\WIN32\DEBUG\COMBINE.OBJ
C:\USERS\ADMINISTRATOR\DOCUMENTS\GITHUB\TECHPLAYES\TECHPLAYERS-MASTER\WIN32\DEBUG\COMPAT_WIN32.OBJ
C:\USERS\ADMINISTRATOR\DOCUMENTS\GITHUB\TECHPLAYES\TECHPLAYERS-MASTER\WIN32\DEBUG\DEFINES.OBJ
C:\USERS\ADMINISTRATOR\DOCUMENTS\GITHUB\TECHPLAYES\TECHPLAYERS-MASTER\WIN32\DEBUG\DETECT.OBJ
C:\USERS\ADMINISTRATOR\DOCUMENTS\GITHUB\TECHPLAYES\TECHPLAYERS-MASTER\WIN32\DEBUG\INDENT.OBJ
C:\USERS\ADMINISTRATOR\DOCUMENTS\GITHUB\TECHPLAYES\TECHPLAYERS-MASTER\WIN32\DEBUG\KEYWORDS.OBJ
C:\USERS\ADMINISTRATOR\DOCUMENTS\GITHUB\TECHPLAYES\TECHPLAYERS-MASTER\WIN32\DEBUG\VC110.PDB
C:\USERS\ADMINISTRATOR\DOCUMENTS\GITHUB\TECHPLAYES\TECHPLAYERS-MASTER\WIN32\DEBUG\TECHPLAYERS.ILK
C:\USERS\ADMINISTRATOR\DOCUMENTS\GITHUB\TECHPLAYES\TECHPLAYERS-MASTER\WIN32\DEBUG\TECHPLAYERS.EXE
C:\USERS\ADMINISTRATOR\DOCUMENTS\GITHUB\TECHPLAYES\TECHPLAYERS-MASTER\WIN32\DEBUG\TECHPLAYERS.PDB
C:\Users\Administrator\Documents\GitHub\TechPlayes\TechPlayers-master\win32\Debug\align.obj
C:\Users\Administrator\Documents\GitHub\TechPlayes\TechPlayers-master\win32\Debug\align_stack.obj
C:\Users\Administrator\Documents\GitHub\TechPlayes\TechPlayers-master\win32\Debug\args.obj
C:\Users\Administrator\Documents\GitHub\TechPlayes\TechPlayers-master\win32\Debug\backup.obj
C:\Users\Administrator\Documents\GitHub\TechPlayes\TechPlayers-master\win32\Debug\braces.obj
C:\Users\Administrator\Documents\GitHub\TechPlayes\TechPlayers-master\win32\Debug\brace_cleanup.obj
C:\Users\Administrator\Documents\GitHub\TechPlayes\TechPlayers-master\win32\Debug\ChunkStack.obj
C:\Users\Administrator\Documents\GitHub\TechPlayes\TechPlayers-master\win32\Debug\chunk_list.obj
C:\Users\Administrator\Documents\GitHub\TechPlayes\TechPlayers-master\win32\Debug\combine.obj
C:\Users\Administrator\Documents\GitHub\TechPlayes\TechPlayers-master\win32\Debug\compat_win32.obj
C:\Users\Administrator\Documents\GitHub\TechPlayes\TechPlayers-master\win32\Debug\defines.obj
C:\Users\Administrator\Documents\GitHub\TechPlayes\TechPlayers-master\win32\Debug\detect.obj
C:\Users\Administrator\Documents\GitHub\TechPlayes\TechPlayers-master\win32\Debug\indent.obj
C:\Users\Administrator\Documents\GitHub\TechPlayes\TechPlayers-master\win32\Debug\keywords.obj
C:\Users\Administrator\Documents\GitHub\TechPlayes\TechPlayers-master\win32\Debug\lang_pawn.obj
C:\Users\Administrator\Documents\GitHub\TechPlayes\TechPlayers-master\win32\Debug\logger.obj
C:\Users\Administrator\Documents\GitHub\TechPlayes\TechPlayers-master\win32\Debug\logmask.obj
C:\Users\Administrator\Documents\GitHub\TechPlayes\TechPlayers-master\win32\Debug\md5.obj
C:\Users\Administrator\Documents\GitHub\TechPlayes\TechPlayers-master\win32\Debug\newlines.obj
C:\Users\Administrator\Documents\GitHub\TechPlayes\TechPlayers-master\win32\Debug\options.obj
C:\Users\Administrator\Documents\GitHub\TechPlayes\TechPlayers-master\win32\Debug\output.obj
C:\Users\Administrator\Documents\GitHub\TechPlayes\TechPlayers-master\win32\Debug\parens.obj
C:\Users\Administrator\Documents\GitHub\TechPlayes\TechPlayers-master\win32\Debug\parse_frame.obj
C:\Users\Administrator\Documents\GitHub\TechPlayes\TechPlayers-master\win32\Debug\punctuators.obj
C:\Users\Administrator\Documents\GitHub\TechPlayes\TechPlayers-master\win32\Debug\semicolons.obj
C:\Users\Administrator\Documents\GitHub\TechPlayes\TechPlayers-master\win32\Debug\sorting.obj
C:\Users\Administrator\Documents\GitHub\TechPlayes\TechPlayers-master\win32\Debug\space.obj
C:\Users\Administrator\Documents\GitHub\TechPlayes\TechPlayers-master\win32\Debug\TechPlayers.obj
C:\Users\Administrator\Documents\GitHub\TechPlayes\TechPlayers-master\win32\Debug\tokenize.obj
C:\Users\Administrator\Documents\GitHub\TechPlayes\TechPlayers-master\win32\Debug\tokenize_cleanup.obj
C:\Users\Administrator\Documents\GitHub\TechPlayes\TechPlayers-master\win32\Debug\unc_text.obj
C:\Users\Administrator\Documents\GitHub\TechPlayes\TechPlayers-master\win32\Debug\unicode.obj
C:\Users\Administrator\Documents\GitHub\TechPlayes\TechPlayers-master\win32\Debug\universalindentgui.obj
C:\Users\Administrator\Documents\GitHub\TechPlayes\TechPlayers-master\win32\Debug\width.obj
C:\Users\Administrator\Documents\GitHub\TechPlayes\TechPlayers-master\win32\Debug\TechPlayers.ilk
C:\Users\Administrator\Documents\GitHub\TechPlayes\TechPlayers-master\win32\Debug\cl.command.1.tlog
C:\Users\Administrator\Documents\GitHub\TechPlayes\TechPlayers-master\win32\Debug\CL.read.1.tlog
C:\Users\Administrator\Documents\GitHub\TechPlayes\TechPlayers-master\win32\Debug\CL.write.1.tlog
C:\Users\Administrator\Documents\GitHub\TechPlayes\TechPlayers-master\win32\Debug\link-cvtres.read.1.tlog
C:\Users\Administrator\Documents\GitHub\TechPlayes\TechPlayers-master\win32\Debug\link-cvtres.write.1.tlog
C:\Users\Administrator\Documents\GitHub\TechPlayes\TechPlayers-master\win32\Debug\link-rc.read.1.tlog
C:\Users\Administrator\Documents\GitHub\TechPlayes\TechPlayers-master\win32\Debug\link-rc.write.1.tlog
C:\Users\Administrator\Documents\GitHub\TechPlayes\TechPlayers-master\win32\Debug\link.command.1.tlog
C:\Users\Administrator\Documents\GitHub\TechPlayes\TechPlayers-master\win32\Debug\link.read.1.tlog
C:\Users\Administrator\Documents\GitHub\TechPlayes\TechPlayers-master\win32\Debug\link.write.1.tlog
C:\Users\Administrator\Documents\GitHub\TechPlayes\TechPlayers-master\win32\Debug\vc110.idb
C:\Users\Administrator\Documents\GitHub\TechPlayes\TechPlayers-master\win32\Debug\TechPlayers.pdb
C:\Users\Administrator\Documents\GitHub\TechPlayes\TechPlayers-master\win32\Debug\vc110.pdb
C:\Users\Administrator\Documents\GitHub\TechPlayes\TechPlayers-master\win32\.\Debug\TechPlayers.exe
